<?xml version="1.0" encoding="UTF-8"?>
<!-- Generated by org.testng.reporters.JUnitXMLReporter -->
<testsuite ignored="3" hostname="LAPTOP-K7M0D56R" failures="0" tests="2" name="Test" time="8.803" errors="0" timestamp="2022-06-18T00:44:51 IST">
  <testcase classname="KitezerodhaTest.LoginpageTest1" name="loginWithvalidCredentials" time="0.842"/>
  <testcase classname="KitezerodhaTest.PinPageTest" name="loginWithvalidCredentials" time="0.73"/>
  <testcase classname="KitezerodhaTest.LoginpageTest1" name="ClickonSignupTest" time="0.0">
    <ignored/>
  </testcase> <!-- ClickonSignupTest -->
  <testcase classname="KitezerodhaTest.LoginpageTest1" name="ClickonLoginwithoutDataTest" time="0.0">
    <ignored/>
  </testcase> <!-- ClickonLoginwithoutDataTest -->
  <testcase classname="KitezerodhaTest.LoginpageTest1" name="ForrgottonpasswordLinkTest" time="0.0">
    <ignored/>
  </testcase> <!-- ForrgottonpasswordLinkTest -->
</testsuite> <!-- Test -->
